
The following files have been resolved:
   com.fasterxml.jackson.core:jackson-databind:jar:2.12.1:compile
   org.postgresql:postgresql:jar:42.2.1:compile
   com.fasterxml.jackson.core:jackson-annotations:jar:2.12.1:compile
   com.squareup.retrofit2:retrofit:jar:2.7.2:compile
   org.jboss:jandex:jar:2.1.3.Final:compile
   com.google.protobuf:protobuf-java:jar:3.11.4:compile
   org.hibernate:hibernate-entitymanager:jar:5.4.18.Final:compile
   javax.xml.bind:jaxb-api:jar:2.3.1:compile
   com.zaxxer:HikariCP-java7:jar:2.4.13:compile
   org.eclipse.jetty:jetty-webapp:jar:9.4.31.v20200723:compile
   org.glassfish.jaxb:txw2:jar:2.3.1:compile
   com.sun.xml.fastinfoset:FastInfoset:jar:1.2.15:compile
   com.google.code.gson:gson:jar:2.8.0:compile
   org.jboss.spec.javax.transaction:jboss-transaction-api_1.2_spec:jar:1.1.1.Final:compile
   org.opentest4j:opentest4j:jar:1.2.0:compile
   org.eclipse.jetty.websocket:websocket-client:jar:9.4.31.v20200723:compile
   antlr:antlr:jar:2.7.7:compile
   org.eclipse.jetty:jetty-servlet:jar:9.4.31.v20200723:compile
   io.jsonwebtoken:jjwt-api:jar:0.11.2:compile
   org.junit.platform:junit-platform-engine:jar:1.8.0:runtime
   org.hibernate:hibernate-core:jar:5.4.18.Final:compile
   org.hibernate.common:hibernate-commons-annotations:jar:5.1.0.Final:compile
   org.eclipse.jetty.websocket:websocket-api:jar:9.4.31.v20200723:compile
   com.squareup.okio:okio:jar:1.17.2:compile
   org.junit.jupiter:junit-jupiter:jar:5.8.0:compile
   commons-codec:commons-codec:jar:1.15:compile
   org.jboss.logging:jboss-logging:jar:3.3.2.Final:compile
   org.eclipse.jetty:jetty-client:jar:9.4.31.v20200723:compile
   net.bytebuddy:byte-buddy:jar:1.10.10:compile
   org.dom4j:dom4j:jar:2.1.3:compile
   javax.activation:javax.activation-api:jar:1.2.0:compile
   commons-logging:commons-logging:jar:1.2:compile
   org.slf4j:slf4j-api:jar:1.7.30:compile
   commons-io:commons-io:jar:2.7:compile
   org.jvnet.staxex:stax-ex:jar:1.8:compile
   org.eclipse.jetty:jetty-util:jar:9.4.31.v20200723:compile
   com.fasterxml.jackson.datatype:jackson-datatype-jsr310:jar:2.12.1:compile
   org.apache.httpcomponents:httpcore:jar:4.4.13:compile
   org.eclipse.jetty:jetty-http:jar:9.4.31.v20200723:compile
   org.junit.jupiter:junit-jupiter-engine:jar:5.8.0:runtime
   org.eclipse.jetty:jetty-security:jar:9.4.31.v20200723:compile
   com.sun.istack:istack-commons-runtime:jar:3.0.7:compile
   org.eclipse.jetty:jetty-io:jar:9.4.31.v20200723:compile
   org.apache.httpcomponents:httpclient:jar:4.5.13:compile
   org.junit.jupiter:junit-jupiter-api:jar:5.8.0:compile
   org.eclipse.jetty:jetty-server:jar:9.4.31.v20200723:compile
   com.mchange:c3p0:jar:0.9.5.4:compile
   org.eclipse.jetty.websocket:websocket-common:jar:9.4.31.v20200723:compile
   org.eclipse.jetty.websocket:websocket-servlet:jar:9.4.31.v20200723:compile
   mysql:mysql-connector-java:jar:8.0.25:compile
   org.eclipse.jetty:jetty-xml:jar:9.4.31.v20200723:compile
   org.glassfish.jaxb:jaxb-runtime:jar:2.3.1:compile
   io.jsonwebtoken:jjwt-impl:jar:0.11.2:runtime
   com.mchange:mchange-commons-java:jar:0.2.15:compile
   org.junit.jupiter:junit-jupiter-params:jar:5.8.0:compile
   org.slf4j:slf4j-simple:jar:1.7.32:compile
   com.twilio.sdk:twilio:jar:8.14.0:compile
   javax.servlet:javax.servlet-api:jar:3.1.0:compile
   org.eclipse.jetty.websocket:websocket-server:jar:9.4.31.v20200723:compile
   org.apiguardian:apiguardian-api:jar:1.1.2:compile
   com.fasterxml.jackson.core:jackson-core:jar:2.12.1:compile
   io.jsonwebtoken:jjwt-jackson:jar:0.11.2:compile
   com.sparkjava:spark-core:jar:2.9.3:compile
   com.squareup.okhttp3:okhttp:jar:3.14.7:compile
   com.squareup.retrofit2:converter-gson:jar:2.7.2:compile
   org.javassist:javassist:jar:3.24.0-GA:compile
   javax.persistence:javax.persistence-api:jar:2.2:compile
   com.fasterxml:classmate:jar:1.5.1:compile
   org.junit.platform:junit-platform-commons:jar:1.8.0:compile
   org.quartz-scheduler:quartz:jar:2.3.2:compile

